01.10.2024:
    
    18.22 - 19.00
        Setup and first brainstorm;

04.10.2024:
    
    19.42 - 20.52:
        Simpler game planning (changed from using Godot to using my own framework;
        Configuring repo and dependencies;
    
    22.00 - 00.54:
        Implementation of the FrameAnimations

05.10.2024:

    - Engine:
        - Added json lib;
        - Added FrameAnimations;
    
    - Game
        - Tested things with tiled;
        - Importing and rendering map;
        - Added sprites with animations;
        - cmake stuff;
    
    10h total (+-)


06.10.2024:

    

